<?xml version="1.0" encoding="UTF-8"?>
<testsuite xmlns:xsi="http://www.w3.org/2001/XMLSchema-instance" xsi:noNamespaceSchemaLocation="https://maven.apache.org/surefire/maven-surefire-plugin/xsd/surefire-test-report-3.0.xsd" version="3.0" name="com.example.Selenium.SeleniumApplicationTests" time="2.801" tests="1" errors="0" skipped="0" failures="0">
  <properties>
[...]
</properties>
  <testcase name="contextLoads" classname="com.example.Selenium.SeleniumApplicationTests" time="1.191">
    <system-out><![CDATA[22:46:58.885 [main] INFO org.springframework.test.context.support.AnnotationConfigContextLoaderUtils -- Could not detect default configuration classes for test class [com.example.Selenium.SeleniumApplicationTests]: SeleniumApplicationTests does not declare any static, non-private, non-final, nested classes annotated with @Configuration.
22:46:59.015 [main] INFO org.springframework.boot.test.context.SpringBootTestContextBootstrapper -- Found @SpringBootConfiguration com.example.Selenium.SeleniumApplication for test class com.example.Selenium.SeleniumApplicationTests

  .   ____          _            __ _ _
 /\\ / ___'_ __ _ _(_)_ __  __ _ \ \ \ \
( ( )\___ | '_ | '_| | '_ \/ _` | \ \ \ \
 \\/  ___)| |_)| | | | | || (_| |  ) ) ) )
  '  |____| .__|_| |_|_| |_\__, | / / / /
 =========|_|==============|___/=/_/_/_/

 :: Spring Boot ::                (v3.3.3)

2024-09-16T22:46:59.550-03:00  INFO 25672 --- [Selenium] [           main] c.e.Selenium.SeleniumApplicationTests    : Starting SeleniumApplicationTests using Java 21.0.1 with PID 25672 (started by Roy in C:\Users\Roy\Desktop\Roy\Automation\Selenium\Test01\Selenium)
2024-09-16T22:46:59.552-03:00  INFO 25672 --- [Selenium] [           main] c.e.Selenium.SeleniumApplicationTests    : No active profile set, falling back to 1 default profile: "default"
2024-09-16T22:47:00.277-03:00  INFO 25672 --- [Selenium] [           main] c.e.Selenium.SeleniumApplicationTests    : Started SeleniumApplicationTests in 1.065 seconds (process running for 2.219)
]]></system-out>
    <system-err><![CDATA[WARNING: A Java agent has been loaded dynamically (C:\Users\Roy\.m2\repository\net\bytebuddy\byte-buddy-agent\1.14.19\byte-buddy-agent-1.14.19.jar)
WARNING: If a serviceability tool is in use, please run with -XX:+EnableDynamicAgentLoading to hide this warning
WARNING: If a serviceability tool is not in use, please run with -Djdk.instrument.traceUsage for more information
WARNING: Dynamic loading of agents will be disallowed by default in a future release
]]></system-err>
  </testcase>
</testsuite>